2019-12-10 10:56:10  [ http-nio-8080-exec-7:0 ] - [ INFO ]  sssssssssssssssssssssssssssssssssssssssssssss
2019-12-10 11:21:11  [ http-nio-8080-exec-4:0 ] - [ INFO ]  sssssssssssssssssssssssssssssssssssssssssssss
2019-12-10 11:23:14  [ http-nio-8080-exec-5:0 ] - [ INFO ]  sssssssssssssssssssssssssssssssssssssssssssss
2019-12-10 11:28:47  [ http-nio-8080-exec-4:0 ] - [ INFO ]  sssssssssssssssssssssssssssssssssssssssssssss
2019-12-10 11:28:51  [ http-nio-8080-exec-3:3346 ] - [ INFO ]  666666666666666666666666666666666666666
2019-12-10 11:29:01  [ http-nio-8080-exec-5:13326 ] - [ INFO ]  666666666666666666666666666666666666666
2019-12-10 11:29:02  [ http-nio-8080-exec-2:15102 ] - [ INFO ]  666666666666666666666666666666666666666
2019-12-10 11:29:06  [ http-nio-8080-exec-7:18276 ] - [ INFO ]  666666666666666666666666666666666666666
2019-12-10 11:31:29  [ http-nio-8080-exec-2:0 ] - [ INFO ]  666666666666666666666666666666666666666
2019-12-10 11:31:36  [ http-nio-8080-exec-7:7606 ] - [ INFO ]  666666666666666666666666666666666666666
2019-12-10 11:31:43  [ http-nio-8080-exec-7:14100 ] - [ INFO ]  666666666666666666666666666666666666666
2019-12-10 11:31:45  [ http-nio-8080-exec-2:16741 ] - [ INFO ]  666666666666666666666666666666666666666
2019-12-10 11:31:55  [ http-nio-8080-exec-7:25984 ] - [ INFO ]  666666666666666666666666666666666666666
2019-12-10 11:32:08  [ http-nio-8080-exec-9:38965 ] - [ INFO ]  666666666666666666666666666666666666666
2019-12-10 11:43:47  [ http-nio-8080-exec-1:0 ] - [ INFO ]  toIndex方法开始执行
2019-12-10 11:43:57  [ http-nio-8080-exec-6:10386 ] - [ INFO ]  idx方法开始执行
2019-12-10 11:44:07  [ http-nio-8080-exec-4:19820 ] - [ INFO ]  findpwd方法开始执行
2019-12-10 11:44:07  [ http-nio-8080-exec-4:19821 ] - [ INFO ]  sssssssssssssssssssssssssssssssssssssssssssss
2019-12-10 11:49:49  [ http-nio-8080-exec-2:0 ] - [ INFO ]  toIndex方法开始执行
2019-12-10 11:49:54  [ http-nio-8080-exec-7:5089 ] - [ INFO ]  idx方法开始执行
2019-12-10 11:49:58  [ http-nio-8080-exec-7:8559 ] - [ INFO ]  idxd方法开始执行
2019-12-10 11:50:01  [ http-nio-8080-exec-2:11826 ] - [ INFO ]  findpwd方法开始执行
2019-12-10 11:50:53  [ http-nio-8080-exec-2:0 ] - [ INFO ]  toIndex方法开始执行
2019-12-10 11:50:53  [ http-nio-8080-exec-2:17 ] - [ INFO ]  toIndex方法结束
2019-12-10 11:50:57  [ http-nio-8080-exec-1:3819 ] - [ INFO ]  idx方法开始执行
2019-12-10 11:50:57  [ http-nio-8080-exec-1:3822 ] - [ INFO ]  idx方法结束
2019-12-10 11:51:01  [ http-nio-8080-exec-9:8307 ] - [ INFO ]  findpwd方法开始执行
2019-12-10 11:51:02  [ http-nio-8080-exec-9:9419 ] - [ INFO ]  findpwd方法结束
2019-12-10 13:10:44  [ http-nio-8080-exec-9:4790857 ] - [ INFO ]  findFruitInformation方法开始执行
2019-12-10 13:10:44  [ http-nio-8080-exec-9:4790875 ] - [ INFO ]  findFruitInformation方法结束
2019-12-10 13:11:06  [ http-nio-8080-exec-3:0 ] - [ INFO ]  findpwd方法开始执行
2019-12-10 13:11:08  [ http-nio-8080-exec-3:1275 ] - [ INFO ]  findpwd方法结束
2019-12-10 13:11:09  [ http-nio-8080-exec-1:2899 ] - [ INFO ]  findFruitInformation方法开始执行
2019-12-10 13:11:09  [ http-nio-8080-exec-1:2914 ] - [ INFO ]  findFruitInformation方法结束
2019-12-10 13:11:22  [ http-nio-8080-exec-6:15127 ] - [ INFO ]  byFruit方法开始执行
2019-12-10 13:11:22  [ http-nio-8080-exec-6:15141 ] - [ INFO ]  byFruit方法结束
2019-12-10 13:52:53  [ http-nio-8080-exec-8:2506364 ] - [ INFO ]  findFruitInformation方法开始执行
2019-12-10 13:52:53  [ http-nio-8080-exec-8:2506377 ] - [ INFO ]  findFruitInformation方法结束
2019-12-10 13:52:57  [ http-nio-8080-exec-5:2510772 ] - [ INFO ]  toIndex方法开始执行
2019-12-10 13:52:57  [ http-nio-8080-exec-5:2510776 ] - [ INFO ]  toIndex方法结束
2019-12-10 13:53:04  [ http-nio-8080-exec-2:2517327 ] - [ INFO ]  idx方法开始执行
2019-12-10 13:53:04  [ http-nio-8080-exec-2:2517328 ] - [ INFO ]  idx方法结束
2019-12-10 13:53:05  [ http-nio-8080-exec-8:2518587 ] - [ INFO ]  findpwd方法开始执行
2019-12-10 13:53:05  [ http-nio-8080-exec-8:2518601 ] - [ INFO ]  findpwd方法结束
2019-12-10 13:53:10  [ http-nio-8080-exec-9:2523557 ] - [ INFO ]  findFruitInformation方法开始执行
2019-12-10 13:53:10  [ http-nio-8080-exec-9:2523563 ] - [ INFO ]  findFruitInformation方法结束
2019-12-10 14:12:05  [ http-nio-8080-exec-2:1 ] - [ INFO ]  toIndex方法开始执行
2019-12-10 14:12:05  [ http-nio-8080-exec-2:27 ] - [ INFO ]  toIndex方法结束
2019-12-10 14:12:13  [ http-nio-8080-exec-1:7588 ] - [ INFO ]  idx方法开始执行
2019-12-10 14:12:13  [ http-nio-8080-exec-1:7590 ] - [ INFO ]  idx方法结束
2019-12-10 14:12:25  [ http-nio-8080-exec-1:19745 ] - [ INFO ]  idxd方法开始执行
2019-12-10 14:12:25  [ http-nio-8080-exec-1:19746 ] - [ INFO ]  idxd方法结束
2019-12-10 14:12:28  [ http-nio-8080-exec-4:22195 ] - [ INFO ]  findpwd方法开始执行
2019-12-10 14:12:29  [ http-nio-8080-exec-4:23376 ] - [ INFO ]  findpwd方法结束
2019-12-10 14:12:39  [ http-nio-8080-exec-9:33086 ] - [ INFO ]  findFruit方法开始执行
2019-12-10 14:12:39  [ http-nio-8080-exec-9:33106 ] - [ INFO ]  findFruit方法结束
2019-12-10 14:12:44  [ http-nio-8080-exec-5:38855 ] - [ INFO ]  findOrder方法开始执行
2019-12-10 14:12:44  [ http-nio-8080-exec-5:38865 ] - [ INFO ]  findOrder方法结束
2019-12-10 14:23:17  [ http-nio-8080-exec-1:0 ] - [ INFO ]  toIndex方法开始执行
2019-12-10 14:23:17  [ http-nio-8080-exec-1:16 ] - [ INFO ]  toIndex方法结束
2019-12-10 14:23:31  [ http-nio-8080-exec-6:14519 ] - [ INFO ]  idxd方法开始执行
2019-12-10 14:23:31  [ http-nio-8080-exec-6:14522 ] - [ INFO ]  idxd方法结束
2019-12-10 14:23:37  [ http-nio-8080-exec-1:20699 ] - [ INFO ]  findpwd方法开始执行
2019-12-10 14:23:39  [ http-nio-8080-exec-1:21998 ] - [ INFO ]  findpwd方法结束
2019-12-10 14:23:42  [ http-nio-8080-exec-9:25200 ] - [ INFO ]  findOrder方法开始执行
2019-12-10 14:23:42  [ http-nio-8080-exec-9:25221 ] - [ INFO ]  findOrder方法结束
2019-12-10 14:24:17  [ http-nio-8080-exec-10:60063 ] - [ INFO ]  modifyOrderget方法开始执行
2019-12-10 14:24:17  [ http-nio-8080-exec-10:60069 ] - [ INFO ]  modifyOrderget方法结束
2019-12-10 14:24:26  [ http-nio-8080-exec-2:69557 ] - [ INFO ]  modifyOrder方法开始执行
2019-12-10 14:24:26  [ http-nio-8080-exec-2:69572 ] - [ INFO ]  modifyOrder方法结束
2019-12-10 14:24:31  [ http-nio-8080-exec-5:73980 ] - [ INFO ]  modifyOrderget方法开始执行
2019-12-10 14:24:31  [ http-nio-8080-exec-5:73985 ] - [ INFO ]  modifyOrderget方法结束
2019-12-10 14:24:41  [ http-nio-8080-exec-2:84338 ] - [ INFO ]  modifyOrder方法开始执行
2019-12-10 14:24:41  [ http-nio-8080-exec-2:84354 ] - [ INFO ]  modifyOrder方法结束
2019-12-10 14:24:48  [ http-nio-8080-exec-5:91589 ] - [ INFO ]  modifyOrderget方法开始执行
2019-12-10 14:24:48  [ http-nio-8080-exec-5:91595 ] - [ INFO ]  modifyOrderget方法结束
2019-12-10 14:24:56  [ http-nio-8080-exec-4:99622 ] - [ INFO ]  modifyOrder方法开始执行
2019-12-10 14:24:56  [ http-nio-8080-exec-4:99633 ] - [ INFO ]  modifyOrder方法结束
2019-12-10 14:26:27  [ http-nio-8080-exec-4:190417 ] - [ INFO ]  modifyOrderget方法开始执行
2019-12-10 14:26:27  [ http-nio-8080-exec-4:190422 ] - [ INFO ]  modifyOrderget方法结束
2019-12-10 14:26:32  [ http-nio-8080-exec-8:194846 ] - [ INFO ]  modifyOrder方法开始执行
2019-12-10 14:26:32  [ http-nio-8080-exec-8:194853 ] - [ INFO ]  modifyOrder方法结束
2019-12-10 14:26:51  [ http-nio-8080-exec-2:214155 ] - [ INFO ]  modifyOrder方法开始执行
2019-12-10 14:26:51  [ http-nio-8080-exec-2:214165 ] - [ INFO ]  modifyOrder方法结束
2019-12-10 14:26:54  [ http-nio-8080-exec-4:217041 ] - [ INFO ]  modifyOrderget方法开始执行
2019-12-10 14:26:54  [ http-nio-8080-exec-4:217045 ] - [ INFO ]  modifyOrderget方法结束
2019-12-10 14:27:36  [ http-nio-8080-exec-5:259605 ] - [ INFO ]  addOrderget方法开始执行
2019-12-10 14:27:36  [ http-nio-8080-exec-5:259606 ] - [ INFO ]  addOrderget方法结束
2019-12-10 14:31:46  [ http-nio-8080-exec-1:0 ] - [ INFO ]  toIndex方法开始执行
2019-12-10 14:31:46  [ http-nio-8080-exec-1:18 ] - [ INFO ]  toIndex方法结束
2019-12-10 14:31:48  [ http-nio-8080-exec-6:1976 ] - [ INFO ]  idxd方法开始执行
2019-12-10 14:31:48  [ http-nio-8080-exec-6:1978 ] - [ INFO ]  idxd方法结束
2019-12-10 14:31:49  [ http-nio-8080-exec-1:3297 ] - [ INFO ]  findpwd方法开始执行
2019-12-10 14:31:50  [ http-nio-8080-exec-1:4541 ] - [ INFO ]  findpwd方法结束
2019-12-10 14:31:54  [ http-nio-8080-exec-4:7706 ] - [ INFO ]  findOrder方法开始执行
2019-12-10 14:31:54  [ http-nio-8080-exec-4:7724 ] - [ INFO ]  findOrder方法结束
2019-12-10 14:32:07  [ http-nio-8080-exec-10:20667 ] - [ INFO ]  modifyOrderget方法开始执行
2019-12-10 14:32:07  [ http-nio-8080-exec-10:20674 ] - [ INFO ]  modifyOrderget方法结束
2019-12-10 14:32:16  [ http-nio-8080-exec-10:29641 ] - [ INFO ]  modifyOrder方法开始执行
2019-12-10 14:32:16  [ http-nio-8080-exec-10:29651 ] - [ INFO ]  modifyOrder方法结束
2019-12-10 14:35:26  [ http-nio-8080-exec-10:220141 ] - [ INFO ]  delOrder方法开始执行
2019-12-10 14:35:26  [ http-nio-8080-exec-10:220158 ] - [ INFO ]  delOrder方法结束
2019-12-10 14:36:30  [ http-nio-8080-exec-1:0 ] - [ INFO ]  toIndex方法开始执行
2019-12-10 14:36:30  [ http-nio-8080-exec-1:18 ] - [ INFO ]  toIndex方法结束
2019-12-10 14:36:33  [ http-nio-8080-exec-6:2539 ] - [ INFO ]  idxd方法开始执行
2019-12-10 14:36:33  [ http-nio-8080-exec-6:2541 ] - [ INFO ]  idxd方法结束
2019-12-10 14:36:34  [ http-nio-8080-exec-1:3748 ] - [ INFO ]  findpwd方法开始执行
2019-12-10 14:36:35  [ http-nio-8080-exec-1:4991 ] - [ INFO ]  findpwd方法结束
2019-12-10 14:36:38  [ http-nio-8080-exec-6:7670 ] - [ INFO ]  findOrder方法开始执行
2019-12-10 14:36:38  [ http-nio-8080-exec-6:7696 ] - [ INFO ]  findOrder方法结束
2019-12-10 14:36:40  [ http-nio-8080-exec-7:10360 ] - [ INFO ]  modifyOrderget方法开始执行
2019-12-10 14:36:40  [ http-nio-8080-exec-7:10365 ] - [ INFO ]  modifyOrderget方法结束
2019-12-10 14:36:49  [ http-nio-8080-exec-5:18839 ] - [ INFO ]  modifyOrder方法开始执行
2019-12-10 14:36:49  [ http-nio-8080-exec-5:18840 ] - [ INFO ]  OrderInformation(oid=1, oNumber=0, oPrice=0, oName=张三, oAddress=浙江, oFruit=苹果,60,888,777,777)
2019-12-10 14:36:49  [ http-nio-8080-exec-5:18850 ] - [ INFO ]  modifyOrder方法结束
2019-12-10 14:38:16  [ http-nio-8080-exec-1:0 ] - [ INFO ]  toIndex方法开始执行
2019-12-10 14:38:16  [ http-nio-8080-exec-1:18 ] - [ INFO ]  toIndex方法结束
2019-12-10 14:38:18  [ http-nio-8080-exec-6:2345 ] - [ INFO ]  idxd方法开始执行
2019-12-10 14:38:18  [ http-nio-8080-exec-6:2348 ] - [ INFO ]  idxd方法结束
2019-12-10 14:38:20  [ http-nio-8080-exec-1:3852 ] - [ INFO ]  findpwd方法开始执行
2019-12-10 14:38:21  [ http-nio-8080-exec-1:5034 ] - [ INFO ]  findpwd方法结束
2019-12-10 14:38:24  [ http-nio-8080-exec-5:7756 ] - [ INFO ]  findOrder方法开始执行
2019-12-10 14:38:24  [ http-nio-8080-exec-5:7777 ] - [ INFO ]  findOrder方法结束
2019-12-10 14:38:26  [ http-nio-8080-exec-9:10061 ] - [ INFO ]  modifyOrderget方法开始执行
2019-12-10 14:38:26  [ http-nio-8080-exec-9:10067 ] - [ INFO ]  modifyOrderget方法结束
2019-12-10 14:38:37  [ http-nio-8080-exec-8:20911 ] - [ INFO ]  modifyOrder方法开始执行
2019-12-10 14:38:37  [ http-nio-8080-exec-8:20913 ] - [ INFO ]  OrderInformation(oid=1, oNumber=88, oPrice=88, oName=张三, oAddress=浙江, oFruit=苹果)
2019-12-10 14:38:37  [ http-nio-8080-exec-8:20923 ] - [ INFO ]  modifyOrder方法结束
2019-12-10 14:38:51  [ http-nio-8080-exec-2:35543 ] - [ INFO ]  findOrder方法开始执行
2019-12-10 14:38:51  [ http-nio-8080-exec-2:35550 ] - [ INFO ]  findOrder方法结束
2019-12-10 14:39:29  [ http-nio-8080-exec-1:73103 ] - [ INFO ]  findOrder方法开始执行
2019-12-10 14:39:29  [ http-nio-8080-exec-1:73108 ] - [ INFO ]  findOrder方法结束
2019-12-10 14:40:44  [ http-nio-8080-exec-1:0 ] - [ INFO ]  toIndex方法开始执行
2019-12-10 14:40:44  [ http-nio-8080-exec-1:19 ] - [ INFO ]  toIndex方法结束
2019-12-10 14:40:46  [ http-nio-8080-exec-6:2493 ] - [ INFO ]  idxd方法开始执行
2019-12-10 14:40:46  [ http-nio-8080-exec-6:2496 ] - [ INFO ]  idxd方法结束
2019-12-10 14:40:48  [ http-nio-8080-exec-1:3941 ] - [ INFO ]  findpwd方法开始执行
2019-12-10 14:40:49  [ http-nio-8080-exec-1:5227 ] - [ INFO ]  findpwd方法结束
2019-12-10 14:40:51  [ http-nio-8080-exec-5:7470 ] - [ INFO ]  findOrder方法开始执行
2019-12-10 14:40:51  [ http-nio-8080-exec-5:7493 ] - [ INFO ]  findOrder方法结束
2019-12-10 14:40:56  [ http-nio-8080-exec-2:12164 ] - [ INFO ]  findOrder方法开始执行
2019-12-10 14:40:56  [ http-nio-8080-exec-2:12258 ] - [ INFO ]  findOrder方法结束
2019-12-10 14:41:48  [ http-nio-8080-exec-1:0 ] - [ INFO ]  toIndex方法开始执行
2019-12-10 14:41:48  [ http-nio-8080-exec-1:14 ] - [ INFO ]  toIndex方法结束
2019-12-10 14:41:50  [ http-nio-8080-exec-6:1688 ] - [ INFO ]  idxd方法开始执行
2019-12-10 14:41:50  [ http-nio-8080-exec-6:1690 ] - [ INFO ]  idxd方法结束
2019-12-10 14:41:51  [ http-nio-8080-exec-10:2633 ] - [ INFO ]  findpwd方法开始执行
2019-12-10 14:41:52  [ http-nio-8080-exec-10:3900 ] - [ INFO ]  findpwd方法结束
2019-12-10 14:41:54  [ http-nio-8080-exec-10:5946 ] - [ INFO ]  findOrder方法开始执行
2019-12-10 14:41:54  [ http-nio-8080-exec-10:5974 ] - [ INFO ]  findOrder方法结束
2019-12-10 14:41:57  [ http-nio-8080-exec-9:9181 ] - [ INFO ]  findOrder方法开始执行
2019-12-10 14:41:57  [ http-nio-8080-exec-9:9276 ] - [ INFO ]  findOrder方法结束
2019-12-10 14:46:09  [ http-nio-8080-exec-2:0 ] - [ INFO ]  toIndex方法开始执行
2019-12-10 14:46:09  [ http-nio-8080-exec-2:16 ] - [ INFO ]  toIndex方法结束
2019-12-10 14:46:11  [ http-nio-8080-exec-7:1976 ] - [ INFO ]  idxd方法开始执行
2019-12-10 14:46:11  [ http-nio-8080-exec-7:1977 ] - [ INFO ]  idxd方法结束
2019-12-10 14:46:12  [ http-nio-8080-exec-2:3086 ] - [ INFO ]  findpwd方法开始执行
2019-12-10 14:46:13  [ http-nio-8080-exec-2:4405 ] - [ INFO ]  findpwd方法结束
2019-12-10 14:46:15  [ http-nio-8080-exec-5:6559 ] - [ INFO ]  findOrder方法开始执行
2019-12-10 14:46:15  [ http-nio-8080-exec-5:6587 ] - [ INFO ]  findOrder方法结束
2019-12-10 14:46:19  [ http-nio-8080-exec-9:10343 ] - [ INFO ]  findOrder方法开始执行
2019-12-10 14:46:19  [ http-nio-8080-exec-9:10352 ] - [ INFO ]  findOrder方法结束
2019-12-10 14:46:25  [ http-nio-8080-exec-10:15872 ] - [ INFO ]  findOrder方法开始执行
2019-12-10 14:46:25  [ http-nio-8080-exec-10:15877 ] - [ INFO ]  findOrder方法结束
2019-12-10 14:48:08  [ http-nio-8080-exec-6:118990 ] - [ INFO ]  toIndex方法开始执行
2019-12-10 14:48:08  [ http-nio-8080-exec-6:118994 ] - [ INFO ]  toIndex方法结束
2019-12-10 14:48:10  [ http-nio-8080-exec-8:121398 ] - [ INFO ]  idx方法开始执行
2019-12-10 14:48:10  [ http-nio-8080-exec-8:121400 ] - [ INFO ]  idx方法结束
2019-12-10 14:48:11  [ http-nio-8080-exec-9:122460 ] - [ INFO ]  findpwd方法开始执行
2019-12-10 14:48:11  [ http-nio-8080-exec-9:122466 ] - [ INFO ]  findpwd方法结束
2019-12-10 14:48:11  [ http-nio-8080-exec-9:122467 ] - [ INFO ]  findpwd方法抛出异常java.lang.IndexOutOfBoundsException: Index 0 out of bounds for length 0
2019-12-10 14:48:11  [ http-nio-8080-exec-9:122470 ] - [ INFO ]  cwcl方法开始执行
2019-12-10 14:48:11  [ http-nio-8080-exec-9:122471 ] - [ INFO ]  cwcl方法结束
2019-12-10 14:48:13  [ http-nio-8080-exec-7:123808 ] - [ INFO ]  idx方法开始执行
2019-12-10 14:48:13  [ http-nio-8080-exec-7:123809 ] - [ INFO ]  idx方法结束
2019-12-10 14:48:15  [ http-nio-8080-exec-8:126292 ] - [ INFO ]  findpwd方法开始执行
2019-12-10 14:48:15  [ http-nio-8080-exec-8:126298 ] - [ INFO ]  findpwd方法结束
2019-12-10 14:48:18  [ http-nio-8080-exec-3:128860 ] - [ INFO ]  findpwd方法开始执行
2019-12-10 14:48:18  [ http-nio-8080-exec-3:128877 ] - [ INFO ]  findpwd方法结束
2019-12-10 14:52:12  [ http-nio-8080-exec-6:362679 ] - [ INFO ]  toIndex方法开始执行
2019-12-10 14:52:12  [ http-nio-8080-exec-6:362680 ] - [ INFO ]  toIndex方法结束
2019-12-10 14:52:13  [ http-nio-8080-exec-8:364271 ] - [ INFO ]  idxd方法开始执行
2019-12-10 14:52:13  [ http-nio-8080-exec-8:364272 ] - [ INFO ]  idxd方法结束
2019-12-10 14:52:16  [ http-nio-8080-exec-9:366728 ] - [ INFO ]  findpwd方法开始执行
2019-12-10 14:52:16  [ http-nio-8080-exec-9:366738 ] - [ INFO ]  findpwd方法结束
2019-12-10 14:52:19  [ http-nio-8080-exec-4:370306 ] - [ INFO ]  findFruit方法开始执行
2019-12-10 14:52:19  [ http-nio-8080-exec-4:370313 ] - [ INFO ]  findFruit方法结束
2019-12-10 15:07:59  [ http-nio-8080-exec-1:0 ] - [ INFO ]  toIndex方法开始执行
2019-12-10 15:07:59  [ http-nio-8080-exec-1:17 ] - [ INFO ]  toIndex方法结束
2019-12-10 15:08:04  [ http-nio-8080-exec-7:4291 ] - [ INFO ]  idxd方法开始执行
2019-12-10 15:08:04  [ http-nio-8080-exec-7:4294 ] - [ INFO ]  idxd方法结束
2019-12-10 15:08:05  [ http-nio-8080-exec-4:5501 ] - [ INFO ]  findpwd方法开始执行
2019-12-10 15:08:06  [ http-nio-8080-exec-4:6937 ] - [ INFO ]  findpwd方法结束
2019-12-10 15:08:09  [ http-nio-8080-exec-3:9404 ] - [ INFO ]  findOrder方法开始执行
2019-12-10 15:08:09  [ http-nio-8080-exec-3:9432 ] - [ INFO ]  findOrder方法结束
2019-12-10 15:08:13  [ http-nio-8080-exec-3:13753 ] - [ INFO ]  findFruit方法开始执行
2019-12-10 15:08:13  [ http-nio-8080-exec-3:13760 ] - [ INFO ]  findFruit方法结束
2019-12-10 15:08:54  [ http-nio-8080-exec-2:54840 ] - [ INFO ]  modifyFruitget方法开始执行
2019-12-10 15:08:54  [ http-nio-8080-exec-2:54846 ] - [ INFO ]  modifyFruitget方法结束
2019-12-10 15:08:59  [ http-nio-8080-exec-4:59836 ] - [ INFO ]  modifyFruit方法开始执行
2019-12-10 15:08:59  [ http-nio-8080-exec-4:59850 ] - [ INFO ]  modifyFruit方法结束
2019-12-10 15:09:09  [ http-nio-8080-exec-9:69579 ] - [ INFO ]  modifyFruitget方法开始执行
2019-12-10 15:09:09  [ http-nio-8080-exec-9:69583 ] - [ INFO ]  modifyFruitget方法结束
2019-12-10 15:09:13  [ http-nio-8080-exec-8:73673 ] - [ INFO ]  modifyFruit方法开始执行
2019-12-10 15:09:13  [ http-nio-8080-exec-8:73684 ] - [ INFO ]  modifyFruit方法结束
2019-12-10 15:09:16  [ http-nio-8080-exec-1:76676 ] - [ INFO ]  modifyFruitget方法开始执行
2019-12-10 15:09:16  [ http-nio-8080-exec-1:76682 ] - [ INFO ]  modifyFruitget方法结束
2019-12-10 15:09:20  [ http-nio-8080-exec-2:80366 ] - [ INFO ]  modifyFruit方法开始执行
2019-12-10 15:09:20  [ http-nio-8080-exec-2:80377 ] - [ INFO ]  modifyFruit方法结束
2019-12-10 15:09:38  [ http-nio-8080-exec-7:98732 ] - [ INFO ]  findFruit方法开始执行
2019-12-10 15:09:38  [ http-nio-8080-exec-7:98738 ] - [ INFO ]  findFruit方法结束
2019-12-10 15:10:03  [ http-nio-8080-exec-10:123521 ] - [ INFO ]  toIndex方法开始执行
2019-12-10 15:10:03  [ http-nio-8080-exec-10:123522 ] - [ INFO ]  toIndex方法结束
2019-12-10 15:10:09  [ http-nio-8080-exec-2:129447 ] - [ INFO ]  findUser方法开始执行
2019-12-10 15:10:09  [ http-nio-8080-exec-2:129456 ] - [ INFO ]  findUser方法结束
2019-12-10 15:10:14  [ http-nio-8080-exec-2:134499 ] - [ INFO ]  logout方法开始执行
2019-12-10 15:10:14  [ http-nio-8080-exec-2:134500 ] - [ INFO ]  logout方法结束
2019-12-10 15:10:20  [ http-nio-8080-exec-1:140773 ] - [ INFO ]  findFruit方法开始执行
2019-12-10 15:10:20  [ http-nio-8080-exec-1:140781 ] - [ INFO ]  findFruit方法结束
2019-12-10 15:11:03  [ http-nio-8080-exec-6:183567 ] - [ INFO ]  findpwd方法开始执行
2019-12-10 15:11:03  [ http-nio-8080-exec-6:183574 ] - [ INFO ]  findpwd方法结束
2019-12-10 15:12:18  [ http-nio-8080-exec-2:258483 ] - [ INFO ]  findFruit方法开始执行
2019-12-10 15:12:18  [ http-nio-8080-exec-2:258490 ] - [ INFO ]  findFruit方法结束
2019-12-10 15:12:25  [ http-nio-8080-exec-9:265546 ] - [ INFO ]  logout方法开始执行
2019-12-10 15:12:25  [ http-nio-8080-exec-9:265547 ] - [ INFO ]  logout方法结束
2019-12-10 15:12:27  [ http-nio-8080-exec-2:267271 ] - [ INFO ]  findpwd方法开始执行
2019-12-10 15:12:27  [ http-nio-8080-exec-2:267279 ] - [ INFO ]  findpwd方法结束
2019-12-10 15:14:03  [ http-nio-8080-exec-1:1 ] - [ INFO ]  findpwd方法开始执行
2019-12-10 15:14:04  [ http-nio-8080-exec-1:1279 ] - [ INFO ]  findpwd方法结束
2019-12-10 15:14:19  [ http-nio-8080-exec-4:15710 ] - [ INFO ]  findFruit方法开始执行
2019-12-10 15:14:19  [ http-nio-8080-exec-4:15730 ] - [ INFO ]  findFruit方法结束
2019-12-10 15:14:32  [ http-nio-8080-exec-1:28767 ] - [ INFO ]  findUser方法开始执行
2019-12-10 15:14:32  [ http-nio-8080-exec-1:28772 ] - [ INFO ]  findUser方法结束
2019-12-10 15:14:33  [ http-nio-8080-exec-10:30215 ] - [ INFO ]  findOrder方法开始执行
2019-12-10 15:14:33  [ http-nio-8080-exec-10:30227 ] - [ INFO ]  findOrder方法结束
2019-12-10 15:15:31  [ http-nio-8080-exec-1:0 ] - [ INFO ]  findOrder方法开始执行
2019-12-10 15:15:32  [ http-nio-8080-exec-1:558 ] - [ INFO ]  findOrder方法结束
2019-12-10 15:15:35  [ http-nio-8080-exec-2:3865 ] - [ INFO ]  findOrder方法开始执行
2019-12-10 15:15:35  [ http-nio-8080-exec-2:3874 ] - [ INFO ]  findOrder方法结束
2019-12-10 15:15:39  [ http-nio-8080-exec-3:8231 ] - [ INFO ]  toIndex方法开始执行
2019-12-10 15:15:39  [ http-nio-8080-exec-3:8241 ] - [ INFO ]  toIndex方法结束
2019-12-10 15:15:42  [ http-nio-8080-exec-1:10750 ] - [ INFO ]  idxd方法开始执行
2019-12-10 15:15:42  [ http-nio-8080-exec-1:10752 ] - [ INFO ]  idxd方法结束
2019-12-10 15:15:43  [ http-nio-8080-exec-5:11793 ] - [ INFO ]  findpwd方法开始执行
2019-12-10 15:15:43  [ http-nio-8080-exec-5:12415 ] - [ INFO ]  findpwd方法结束
2019-12-10 15:15:48  [ http-nio-8080-exec-10:17218 ] - [ INFO ]  findFruit方法开始执行
2019-12-10 15:15:48  [ http-nio-8080-exec-10:17228 ] - [ INFO ]  findFruit方法结束
2019-12-10 15:15:50  [ http-nio-8080-exec-5:19427 ] - [ INFO ]  findOrder方法开始执行
2019-12-10 15:15:50  [ http-nio-8080-exec-5:19436 ] - [ INFO ]  findOrder方法结束
2019-12-10 15:21:19  [ http-nio-8080-exec-2:0 ] - [ INFO ]  toIndex方法开始执行
2019-12-10 15:21:19  [ http-nio-8080-exec-2:13 ] - [ INFO ]  toIndex方法结束
2019-12-10 15:21:21  [ http-nio-8080-exec-7:1888 ] - [ INFO ]  idxd方法开始执行
2019-12-10 15:21:21  [ http-nio-8080-exec-7:1890 ] - [ INFO ]  idxd方法结束
2019-12-10 15:21:22  [ http-nio-8080-exec-2:3383 ] - [ INFO ]  findpwd方法开始执行
2019-12-10 15:21:23  [ http-nio-8080-exec-2:4524 ] - [ INFO ]  findpwd方法结束
2019-12-10 15:21:41  [ http-nio-8080-exec-6:22430 ] - [ INFO ]  findFruit方法开始执行
2019-12-10 15:21:41  [ http-nio-8080-exec-6:22453 ] - [ INFO ]  findFruit方法结束
2019-12-10 15:21:45  [ http-nio-8080-exec-9:25874 ] - [ INFO ]  findUser方法开始执行
2019-12-10 15:21:45  [ http-nio-8080-exec-9:25879 ] - [ INFO ]  findUser方法结束
2019-12-10 15:21:46  [ http-nio-8080-exec-5:27426 ] - [ INFO ]  findOrder方法开始执行
2019-12-10 15:21:46  [ http-nio-8080-exec-5:27435 ] - [ INFO ]  findOrder方法结束
2019-12-10 15:22:20  [ http-nio-8080-exec-4:61733 ] - [ INFO ]  findOrder方法开始执行
2019-12-10 15:22:20  [ http-nio-8080-exec-4:61738 ] - [ INFO ]  findOrder方法结束
2019-12-10 15:22:35  [ http-nio-8080-exec-1:76505 ] - [ INFO ]  toIndex方法开始执行
2019-12-10 15:22:35  [ http-nio-8080-exec-1:76506 ] - [ INFO ]  toIndex方法结束
2019-12-10 15:22:37  [ http-nio-8080-exec-10:78468 ] - [ INFO ]  idxd方法开始执行
2019-12-10 15:22:37  [ http-nio-8080-exec-10:78469 ] - [ INFO ]  idxd方法结束
2019-12-10 15:22:52  [ http-nio-8080-exec-5:92978 ] - [ INFO ]  findpwd方法开始执行
2019-12-10 15:22:52  [ http-nio-8080-exec-5:92986 ] - [ INFO ]  findpwd方法结束
2019-12-10 15:23:06  [ http-nio-8080-exec-3:107631 ] - [ INFO ]  findpwd方法开始执行
2019-12-10 15:23:06  [ http-nio-8080-exec-3:107640 ] - [ INFO ]  findpwd方法结束
2019-12-10 15:24:36  [ http-nio-8080-exec-10:0 ] - [ INFO ]  toIndex方法开始执行
2019-12-10 15:24:36  [ http-nio-8080-exec-10:16 ] - [ INFO ]  toIndex方法结束
2019-12-10 15:24:37  [ http-nio-8080-exec-4:1702 ] - [ INFO ]  idxd方法开始执行
2019-12-10 15:24:37  [ http-nio-8080-exec-4:1704 ] - [ INFO ]  idxd方法结束
2019-12-10 15:24:40  [ http-nio-8080-exec-7:4644 ] - [ INFO ]  findpwd方法开始执行
2019-12-10 15:24:41  [ http-nio-8080-exec-7:5160 ] - [ INFO ]  findpwd方法结束
2019-12-10 15:25:20  [ http-nio-8080-exec-6:43794 ] - [ INFO ]  findFruit方法开始执行
2019-12-10 15:25:20  [ http-nio-8080-exec-6:43819 ] - [ INFO ]  findFruit方法结束
2019-12-10 15:25:21  [ http-nio-8080-exec-4:45357 ] - [ INFO ]  findUser方法开始执行
2019-12-10 15:25:21  [ http-nio-8080-exec-4:45362 ] - [ INFO ]  findUser方法结束
2019-12-10 15:25:26  [ http-nio-8080-exec-5:49923 ] - [ INFO ]  findFruit方法开始执行
2019-12-10 15:25:26  [ http-nio-8080-exec-5:49934 ] - [ INFO ]  findFruit方法结束
2019-12-10 15:25:28  [ http-nio-8080-exec-8:51891 ] - [ INFO ]  addFruitget方法开始执行
2019-12-10 15:25:28  [ http-nio-8080-exec-8:51892 ] - [ INFO ]  addFruitget方法结束
2019-12-10 15:25:34  [ http-nio-8080-exec-9:58188 ] - [ INFO ]  addFruit方法开始执行
2019-12-10 15:25:34  [ http-nio-8080-exec-9:58199 ] - [ INFO ]  addFruit方法结束
2019-12-10 15:25:38  [ http-nio-8080-exec-5:61974 ] - [ INFO ]  delFruit方法开始执行
2019-12-10 15:25:38  [ http-nio-8080-exec-5:61986 ] - [ INFO ]  delFruit方法结束
2019-12-10 15:25:42  [ http-nio-8080-exec-9:65842 ] - [ INFO ]  findOrder方法开始执行
2019-12-10 15:25:42  [ http-nio-8080-exec-9:65849 ] - [ INFO ]  findOrder方法结束
2019-12-10 15:25:44  [ http-nio-8080-exec-2:68182 ] - [ INFO ]  addOrderget方法开始执行
2019-12-10 15:25:44  [ http-nio-8080-exec-2:68183 ] - [ INFO ]  addOrderget方法结束
2019-12-10 15:25:49  [ http-nio-8080-exec-6:73648 ] - [ INFO ]  addOrder方法开始执行
2019-12-10 15:25:49  [ http-nio-8080-exec-6:73660 ] - [ INFO ]  addOrder方法结束
2019-12-10 15:29:09  [ http-nio-8080-exec-1:0 ] - [ INFO ]  delOrder方法开始执行
2019-12-10 15:29:09  [ http-nio-8080-exec-1:526 ] - [ INFO ]  delOrder方法结束
2019-12-10 15:29:14  [ http-nio-8080-exec-2:5939 ] - [ INFO ]  toIndex方法开始执行
2019-12-10 15:29:14  [ http-nio-8080-exec-2:5949 ] - [ INFO ]  toIndex方法结束
2019-12-10 15:29:16  [ http-nio-8080-exec-8:7240 ] - [ INFO ]  idxd方法开始执行
2019-12-10 15:29:16  [ http-nio-8080-exec-8:7241 ] - [ INFO ]  idxd方法结束
2019-12-10 15:29:17  [ http-nio-8080-exec-4:8729 ] - [ INFO ]  findpwd方法开始执行
2019-12-10 15:29:18  [ http-nio-8080-exec-4:9394 ] - [ INFO ]  findpwd方法结束
2019-12-10 15:29:21  [ http-nio-8080-exec-6:12249 ] - [ INFO ]  findOrder方法开始执行
2019-12-10 15:29:21  [ http-nio-8080-exec-6:12257 ] - [ INFO ]  findOrder方法结束
2019-12-10 15:29:24  [ http-nio-8080-exec-1:15149 ] - [ INFO ]  addOrderget方法开始执行
2019-12-10 15:29:24  [ http-nio-8080-exec-1:15151 ] - [ INFO ]  addOrderget方法结束
2019-12-10 15:29:29  [ http-nio-8080-exec-2:20834 ] - [ INFO ]  addOrder方法开始执行
2019-12-10 15:29:29  [ http-nio-8080-exec-2:20846 ] - [ INFO ]  addOrder方法结束
2019-12-10 15:30:38  [ http-nio-8080-exec-2:89898 ] - [ INFO ]  delOrder方法开始执行
2019-12-10 15:30:38  [ http-nio-8080-exec-2:89912 ] - [ INFO ]  delOrder方法结束
2019-12-10 15:30:42  [ http-nio-8080-exec-9:93453 ] - [ INFO ]  findFruit方法开始执行
2019-12-10 15:30:42  [ http-nio-8080-exec-9:93461 ] - [ INFO ]  findFruit方法结束
2019-12-10 15:30:46  [ http-nio-8080-exec-7:97684 ] - [ INFO ]  addFruitget方法开始执行
2019-12-10 15:30:46  [ http-nio-8080-exec-7:97686 ] - [ INFO ]  addFruitget方法结束
2019-12-10 15:31:04  [ http-nio-8080-exec-6:115553 ] - [ INFO ]  addFruit方法开始执行
2019-12-10 15:31:04  [ http-nio-8080-exec-6:115570 ] - [ INFO ]  addFruit方法结束
2019-12-10 15:31:11  [ http-nio-8080-exec-7:122148 ] - [ INFO ]  delFruit方法开始执行
2019-12-10 15:31:11  [ http-nio-8080-exec-7:122164 ] - [ INFO ]  delFruit方法结束
2019-12-10 15:31:34  [ http-nio-8080-exec-4:145043 ] - [ INFO ]  findUser方法开始执行
2019-12-10 15:31:34  [ http-nio-8080-exec-4:145049 ] - [ INFO ]  findUser方法结束
2019-12-10 15:31:36  [ http-nio-8080-exec-7:147539 ] - [ INFO ]  findOrder方法开始执行
2019-12-10 15:31:36  [ http-nio-8080-exec-7:147546 ] - [ INFO ]  findOrder方法结束
2019-12-10 15:31:53  [ http-nio-8080-exec-7:164111 ] - [ INFO ]  toIndex方法开始执行
2019-12-10 15:31:53  [ http-nio-8080-exec-7:164112 ] - [ INFO ]  toIndex方法结束
2019-12-10 15:31:54  [ http-nio-8080-exec-9:165618 ] - [ INFO ]  idx方法开始执行
2019-12-10 15:31:54  [ http-nio-8080-exec-9:165619 ] - [ INFO ]  idx方法结束
2019-12-10 15:31:55  [ http-nio-8080-exec-1:166779 ] - [ INFO ]  findpwd方法开始执行
2019-12-10 15:31:55  [ http-nio-8080-exec-1:166783 ] - [ INFO ]  findpwd方法结束
2019-12-10 15:31:55  [ http-nio-8080-exec-1:166784 ] - [ INFO ]  findpwd方法抛出异常java.lang.IndexOutOfBoundsException: Index 0 out of bounds for length 0
2019-12-10 15:31:55  [ http-nio-8080-exec-1:166787 ] - [ INFO ]  cwcl方法开始执行
2019-12-10 15:31:55  [ http-nio-8080-exec-1:166788 ] - [ INFO ]  cwcl方法结束
2019-12-10 15:31:57  [ http-nio-8080-exec-10:168237 ] - [ INFO ]  idx方法开始执行
2019-12-10 15:31:57  [ http-nio-8080-exec-10:168238 ] - [ INFO ]  idx方法结束
2019-12-10 15:31:59  [ http-nio-8080-exec-9:170847 ] - [ INFO ]  findpwd方法开始执行
2019-12-10 15:31:59  [ http-nio-8080-exec-9:170857 ] - [ INFO ]  findpwd方法结束
2019-12-10 15:32:15  [ http-nio-8080-exec-6:186330 ] - [ INFO ]  findFruitInformation方法开始执行
2019-12-10 15:32:15  [ http-nio-8080-exec-6:186342 ] - [ INFO ]  findFruitInformation方法结束
2019-12-10 15:32:59  [ http-nio-8080-exec-3:230400 ] - [ INFO ]  findpwd方法开始执行
2019-12-10 15:32:59  [ http-nio-8080-exec-3:230407 ] - [ INFO ]  findpwd方法结束
2019-12-10 15:36:17  [ http-nio-8080-exec-2:0 ] - [ INFO ]  toIndex方法开始执行
2019-12-10 15:36:17  [ http-nio-8080-exec-2:14 ] - [ INFO ]  toIndex方法结束
2019-12-10 15:36:19  [ http-nio-8080-exec-8:1780 ] - [ INFO ]  idx方法开始执行
2019-12-10 15:36:19  [ http-nio-8080-exec-8:1785 ] - [ INFO ]  idx方法结束
2019-12-10 15:36:20  [ http-nio-8080-exec-5:3405 ] - [ INFO ]  findpwd方法开始执行
2019-12-10 15:36:21  [ http-nio-8080-exec-5:4630 ] - [ INFO ]  findpwd方法结束
2019-12-10 15:36:26  [ http-nio-8080-exec-9:9535 ] - [ INFO ]  findFruitInformation方法开始执行
2019-12-10 15:36:26  [ http-nio-8080-exec-9:9553 ] - [ INFO ]  findFruitInformation方法结束
2019-12-10 15:36:28  [ http-nio-8080-exec-5:11654 ] - [ INFO ]  FrontIndex方法开始执行
2019-12-10 15:36:28  [ http-nio-8080-exec-5:11655 ] - [ INFO ]  FrontIndex方法结束
2019-12-10 16:40:16  [ http-nio-8080-exec-2:0 ] - [ INFO ]  toIndex方法开始执行
2019-12-10 16:40:16  [ http-nio-8080-exec-2:22 ] - [ INFO ]  toIndex方法结束
2019-12-10 16:40:18  [ http-nio-8080-exec-1:2099 ] - [ INFO ]  idxd方法开始执行
2019-12-10 16:40:18  [ http-nio-8080-exec-1:2101 ] - [ INFO ]  idxd方法结束
2019-12-10 16:40:22  [ http-nio-8080-exec-4:5570 ] - [ INFO ]  findpwd方法开始执行
2019-12-10 16:40:22  [ http-nio-8080-exec-4:6049 ] - [ INFO ]  findpwd方法结束
2019-12-10 16:40:24  [ http-nio-8080-exec-1:8421 ] - [ INFO ]  findpwd方法开始执行
2019-12-10 16:40:25  [ http-nio-8080-exec-1:9056 ] - [ INFO ]  findpwd方法结束
2019-12-10 16:40:33  [ http-nio-8080-exec-7:16959 ] - [ INFO ]  findOrder方法开始执行
2019-12-10 16:40:33  [ http-nio-8080-exec-7:16976 ] - [ INFO ]  findOrder方法结束
2019-12-10 16:40:36  [ http-nio-8080-exec-6:19980 ] - [ INFO ]  findUser方法开始执行
2019-12-10 16:40:36  [ http-nio-8080-exec-6:19987 ] - [ INFO ]  findUser方法结束
2019-12-10 16:40:39  [ http-nio-8080-exec-5:22776 ] - [ INFO ]  delUser方法开始执行
2019-12-10 16:40:39  [ http-nio-8080-exec-5:22790 ] - [ INFO ]  delUser方法结束
2019-12-10 16:40:41  [ http-nio-8080-exec-8:25401 ] - [ INFO ]  findOrder方法开始执行
2019-12-10 16:40:41  [ http-nio-8080-exec-8:25409 ] - [ INFO ]  findOrder方法结束
